<?xml version="1.0" encoding="UTF-8"?>
<testsuite name="MultipleSourcesTask7Tests" tests="1" skipped="0" failures="0" errors="0" timestamp="2022-10-15T15:35:49" hostname="DESKTOP-UM0F95L" time="0.629">
  <properties/>
  <testcase name="testSolution()" classname="MultipleSourcesTask7Tests" time="0.629"/>
  <system-out><![CDATA[18:35:50.128 [Test worker] DEBUG reactor.util.Loggers - Using Slf4j logging framework
]]></system-out>
  <system-err><![CDATA[]]></system-err>
</testsuite>
