<?xml version="1.0" encoding="UTF-8"?>
<testsuite name="CommonOperatorsTask3Tests" tests="1" skipped="0" failures="0" errors="0" timestamp="2022-10-14T08:22:56" hostname="DESKTOP-UM0F95L" time="0.51">
  <properties/>
  <testcase name="testSolution()" classname="CommonOperatorsTask3Tests" time="0.51"/>
  <system-out><![CDATA[11:22:56.707 [Test worker] DEBUG reactor.util.Loggers - Using Slf4j logging framework
]]></system-out>
  <system-err><![CDATA[]]></system-err>
</testsuite>
