<?xml version="1.0" encoding="UTF-8"?>
<testsuite name="ContextTask3Tests" tests="1" skipped="0" failures="0" errors="0" timestamp="2022-10-17T10:13:16" hostname="DESKTOP-UM0F95L" time="0.486">
  <properties/>
  <testcase name="testSolution()" classname="ContextTask3Tests" time="0.486"/>
  <system-out><![CDATA[13:13:16.416 [Test worker] DEBUG reactor.util.Loggers - Using Slf4j logging framework
]]></system-out>
  <system-err><![CDATA[]]></system-err>
</testsuite>
