<?xml version="1.0" encoding="UTF-8"?>
<testsuite name="TestingTask1Tests" tests="1" skipped="0" failures="0" errors="0" timestamp="2022-10-15T14:01:46" hostname="DESKTOP-UM0F95L" time="0.551">
  <properties/>
  <testcase name="testSolution()" classname="TestingTask1Tests" time="0.551"/>
  <system-out><![CDATA[17:01:47.174 [Test worker] DEBUG reactor.util.Loggers - Using Slf4j logging framework
]]></system-out>
  <system-err><![CDATA[]]></system-err>
</testsuite>
