<?xml version="1.0" encoding="UTF-8"?>
<testsuite name="CommonOperatorsTask6Tests" tests="1" skipped="0" failures="0" errors="0" timestamp="2022-10-14T13:07:45" hostname="DESKTOP-UM0F95L" time="0.841">
  <properties/>
  <testcase name="testSolution()" classname="CommonOperatorsTask6Tests" time="0.841"/>
  <system-out><![CDATA[16:07:46.423 [Test worker] DEBUG reactor.util.Loggers - Using Slf4j logging framework
]]></system-out>
  <system-err><![CDATA[]]></system-err>
</testsuite>
