<?xml version="1.0" encoding="UTF-8"?>
<testsuite name="ContextTask2Tests" tests="1" skipped="0" failures="0" errors="0" timestamp="2022-10-17T09:01:02" hostname="DESKTOP-UM0F95L" time="0.476">
  <properties/>
  <testcase name="testSolution()" classname="ContextTask2Tests" time="0.476"/>
  <system-out><![CDATA[12:01:02.690 [Test worker] DEBUG reactor.util.Loggers - Using Slf4j logging framework
]]></system-out>
  <system-err><![CDATA[]]></system-err>
</testsuite>
