<?xml version="1.0" encoding="UTF-8"?>
<testsuite name="CommonOperatorsTask4Tests" tests="1" skipped="0" failures="0" errors="0" timestamp="2022-10-14T08:24:04" hostname="DESKTOP-UM0F95L" time="0.313">
  <properties/>
  <testcase name="testSolution()" classname="CommonOperatorsTask4Tests" time="0.313"/>
  <system-out><![CDATA[11:24:04.356 [Test worker] DEBUG reactor.util.Loggers - Using Slf4j logging framework
]]></system-out>
  <system-err><![CDATA[]]></system-err>
</testsuite>
