<?xml version="1.0" encoding="UTF-8"?>
<testsuite name="MultipleSourcesTask3Tests" tests="1" skipped="0" failures="0" errors="0" timestamp="2022-10-15T14:35:13" hostname="DESKTOP-UM0F95L" time="0.567">
  <properties/>
  <testcase name="testSolution()" classname="MultipleSourcesTask3Tests" time="0.567"/>
  <system-out><![CDATA[17:35:13.447 [Test worker] DEBUG reactor.util.Loggers - Using Slf4j logging framework
]]></system-out>
  <system-err><![CDATA[]]></system-err>
</testsuite>
