<?xml version="1.0" encoding="UTF-8"?>
<testsuite name="CommonOperatorsTask10Tests" tests="1" skipped="0" failures="0" errors="0" timestamp="2022-10-14T13:56:52" hostname="DESKTOP-UM0F95L" time="0.559">
  <properties/>
  <testcase name="testSolution()" classname="CommonOperatorsTask10Tests" time="0.559"/>
  <system-out><![CDATA[16:56:52.663 [Test worker] DEBUG reactor.util.Loggers - Using Slf4j logging framework
]]></system-out>
  <system-err><![CDATA[]]></system-err>
</testsuite>
