<?xml version="1.0" encoding="UTF-8"?>
<testsuite name="ResilienceTask8Tests" tests="4" skipped="0" failures="0" errors="0" timestamp="2022-10-21T12:52:22" hostname="DESKTOP-UM0F95L" time="0.672">
  <properties/>
  <testcase name="testSolution()" classname="ResilienceTask8Tests" time="0.484"/>
  <testcase name="testSolution1()" classname="ResilienceTask8Tests" time="0.005"/>
  <testcase name="testSolution2()" classname="ResilienceTask8Tests" time="0.046"/>
  <testcase name="testSolution3()" classname="ResilienceTask8Tests" time="0.133"/>
  <system-out><![CDATA[15:52:22.577 [Test worker] DEBUG reactor.util.Loggers - Using Slf4j logging framework
]]></system-out>
  <system-err><![CDATA[]]></system-err>
</testsuite>
