<?xml version="1.0" encoding="UTF-8"?>
<testsuite name="MultipleSourcesTask1Tests" tests="1" skipped="0" failures="0" errors="0" timestamp="2022-10-15T14:32:21" hostname="DESKTOP-UM0F95L" time="0.426">
  <properties/>
  <testcase name="mergeSeveralSourcesTest()" classname="MultipleSourcesTask1Tests" time="0.426"/>
  <system-out><![CDATA[17:32:21.899 [Test worker] DEBUG reactor.util.Loggers - Using Slf4j logging framework
]]></system-out>
  <system-err><![CDATA[]]></system-err>
</testsuite>
