<?xml version="1.0" encoding="UTF-8"?>
<testsuite name="MultipleSourcesTask6Tests" tests="1" skipped="0" failures="0" errors="0" timestamp="2022-10-15T15:31:42" hostname="DESKTOP-UM0F95L" time="0.716">
  <properties/>
  <testcase name="testSolution()" classname="MultipleSourcesTask6Tests" time="0.716"/>
  <system-out><![CDATA[18:31:43.343 [Test worker] DEBUG reactor.util.Loggers - Using Slf4j logging framework
]]></system-out>
  <system-err><![CDATA[]]></system-err>
</testsuite>
