<?xml version="1.0" encoding="UTF-8"?>
<testsuite name="MultipleSourcesTask8Tests" tests="1" skipped="0" failures="0" errors="0" timestamp="2022-10-15T15:54:45" hostname="DESKTOP-UM0F95L" time="1.666">
  <properties/>
  <testcase name="testSolution()" classname="MultipleSourcesTask8Tests" time="1.666"/>
  <system-out><![CDATA[18:54:47.097 [Test worker] DEBUG reactor.util.Loggers - Using Slf4j logging framework
]]></system-out>
  <system-err><![CDATA[]]></system-err>
</testsuite>
