<?xml version="1.0" encoding="UTF-8"?>
<testsuite name="CommonOperatorsTask2Tests" tests="1" skipped="0" failures="0" errors="0" timestamp="2022-10-14T08:13:40" hostname="DESKTOP-UM0F95L" time="0.587">
  <properties/>
  <testcase name="testSolution()" classname="CommonOperatorsTask2Tests" time="0.587"/>
  <system-out><![CDATA[11:13:40.610 [Test worker] DEBUG reactor.util.Loggers - Using Slf4j logging framework
]]></system-out>
  <system-err><![CDATA[]]></system-err>
</testsuite>
