<?xml version="1.0" encoding="UTF-8"?>
<testsuite name="BackpressureTask5Tests" tests="1" skipped="0" failures="0" errors="0" timestamp="2022-10-17T08:54:26" hostname="DESKTOP-UM0F95L" time="0.612">
  <properties/>
  <testcase name="testSolution()" classname="BackpressureTask5Tests" time="0.612"/>
  <system-out><![CDATA[11:54:26.913 [Test worker] DEBUG reactor.util.Loggers - Using Slf4j logging framework
]]></system-out>
  <system-err><![CDATA[]]></system-err>
</testsuite>
