<?xml version="1.0" encoding="UTF-8"?>
<testsuite name="ResilienceTask6Tests" tests="1" skipped="0" failures="0" errors="0" timestamp="2022-10-21T10:38:30" hostname="DESKTOP-UM0F95L" time="1.757">
  <properties/>
  <testcase name="testSolution()" classname="ResilienceTask6Tests" time="1.757"/>
  <system-out><![CDATA[13:38:31.995 [Test worker] DEBUG reactor.util.Loggers - Using Slf4j logging framework
]]></system-out>
  <system-err><![CDATA[Thrown an error [java.lang.ArithmeticException: / by zero] on the following element [0]
]]></system-err>
</testsuite>
