<?xml version="1.0" encoding="UTF-8"?>
<testsuite name="CommonOperatorsTask9Tests" tests="1" skipped="0" failures="0" errors="0" timestamp="2022-10-14T13:54:03" hostname="DESKTOP-UM0F95L" time="1.393">
  <properties/>
  <testcase name="testSolution()" classname="CommonOperatorsTask9Tests" time="1.393"/>
  <system-out><![CDATA[16:54:03.756 [Test worker] DEBUG reactor.util.Loggers - Using Slf4j logging framework
]]></system-out>
  <system-err><![CDATA[]]></system-err>
</testsuite>
