<?xml version="1.0" encoding="UTF-8"?>
<testsuite name="MultithreadingOperatorsTask1Tests" tests="1" skipped="0" failures="0" errors="0" timestamp="2022-10-16T19:17:03" hostname="DESKTOP-UM0F95L" time="1.482">
  <properties/>
  <testcase name="mergeSeveralSourcesTest()" classname="MultithreadingOperatorsTask1Tests" time="1.482"/>
  <system-out><![CDATA[22:17:04.411 [Test worker] DEBUG reactor.util.Loggers - Using Slf4j logging framework
]]></system-out>
  <system-err><![CDATA[]]></system-err>
</testsuite>
