<?xml version="1.0" encoding="UTF-8"?>
<testsuite name="MultipleSourcesTask9Tests" tests="1" skipped="0" failures="0" errors="0" timestamp="2022-10-15T16:00:28" hostname="DESKTOP-UM0F95L" time="0.975">
  <properties/>
  <testcase name="testSolution()" classname="MultipleSourcesTask9Tests" time="0.975"/>
  <system-out><![CDATA[19:00:29.540 [Test worker] DEBUG reactor.util.Loggers - Using Slf4j logging framework
]]></system-out>
  <system-err><![CDATA[]]></system-err>
</testsuite>
