<?xml version="1.0" encoding="UTF-8"?>
<testsuite name="ResilienceTask7Tests" tests="1" skipped="0" failures="0" errors="0" timestamp="2022-10-21T12:35:47" hostname="DESKTOP-UM0F95L" time="0.67">
  <properties/>
  <testcase name="testSolution()" classname="ResilienceTask7Tests" time="0.67"/>
  <system-out><![CDATA[15:35:47.465 [Test worker] DEBUG reactor.util.Loggers - Using Slf4j logging framework
]]></system-out>
  <system-err><![CDATA[]]></system-err>
</testsuite>
