<?xml version="1.0" encoding="UTF-8"?>
<testsuite name="CommonOperatorsTask11Tests" tests="1" skipped="0" failures="0" errors="0" timestamp="2022-10-14T14:30:15" hostname="DESKTOP-UM0F95L" time="0.401">
  <properties/>
  <testcase name="testSolution()" classname="CommonOperatorsTask11Tests" time="0.401"/>
  <system-out><![CDATA[17:30:15.745 [Test worker] DEBUG reactor.util.Loggers - Using Slf4j logging framework
]]></system-out>
  <system-err><![CDATA[]]></system-err>
</testsuite>
