<?xml version="1.0" encoding="UTF-8"?>
<testsuite name="HnSTask3Tests" tests="1" skipped="0" failures="0" errors="0" timestamp="2022-10-21T15:46:39" hostname="DESKTOP-UM0F95L" time="0.463">
  <properties/>
  <testcase name="testSolution()" classname="HnSTask3Tests" time="0.463"/>
  <system-out><![CDATA[18:46:39.998 [Test worker] DEBUG reactor.util.Loggers - Using Slf4j logging framework
]]></system-out>
  <system-err><![CDATA[]]></system-err>
</testsuite>
