<?xml version="1.0" encoding="UTF-8"?>
<testsuite name="TestingTask3Tests" tests="1" skipped="0" failures="0" errors="0" timestamp="2022-10-15T14:29:43" hostname="DESKTOP-UM0F95L" time="0.86">
  <properties/>
  <testcase name="testSolution()" classname="TestingTask3Tests" time="0.86"/>
  <system-out><![CDATA[17:29:43.576 [Test worker] DEBUG reactor.util.Loggers - Using Slf4j logging framework
]]></system-out>
  <system-err><![CDATA[]]></system-err>
</testsuite>
