<?xml version="1.0" encoding="UTF-8"?>
<testsuite name="CommonOperatorsTask5Tests" tests="1" skipped="0" failures="0" errors="0" timestamp="2022-10-14T13:00:19" hostname="DESKTOP-UM0F95L" time="0.84">
  <properties/>
  <testcase name="testSolution()" classname="CommonOperatorsTask5Tests" time="0.84"/>
  <system-out><![CDATA[16:00:19.987 [Test worker] DEBUG reactor.util.Loggers - Using Slf4j logging framework
]]></system-out>
  <system-err><![CDATA[]]></system-err>
</testsuite>
