<?xml version="1.0" encoding="UTF-8"?>
<testsuite name="MultithreadingOperatorsTask3Tests" tests="1" skipped="0" failures="0" errors="0" timestamp="2022-10-16T19:34:07" hostname="DESKTOP-UM0F95L" time="1.915">
  <properties/>
  <testcase name="testSolution()" classname="MultithreadingOperatorsTask3Tests" time="1.915"/>
  <system-out><![CDATA[22:34:08.365 [Test worker] DEBUG reactor.util.Loggers - Using Slf4j logging framework
]]></system-out>
  <system-err><![CDATA[]]></system-err>
</testsuite>
