<?xml version="1.0" encoding="UTF-8"?>
<testsuite name="ResilienceTask3Tests" tests="1" skipped="0" failures="0" errors="0" timestamp="2022-10-17T10:34:03" hostname="DESKTOP-UM0F95L" time="2.049">
  <properties/>
  <testcase name="testSolution()" classname="ResilienceTask3Tests" time="2.049"/>
  <system-out><![CDATA[13:34:05.413 [Test worker] DEBUG reactor.util.Loggers - Using Slf4j logging framework
]]></system-out>
  <system-err><![CDATA[]]></system-err>
</testsuite>
