<?xml version="1.0" encoding="UTF-8"?>
<testsuite name="CommonOperatorsTask7Tests" tests="1" skipped="0" failures="0" errors="0" timestamp="2022-10-14T13:10:14" hostname="DESKTOP-UM0F95L" time="0.354">
  <properties/>
  <testcase name="testSolution()" classname="CommonOperatorsTask7Tests" time="0.354"/>
  <system-out><![CDATA[16:10:14.764 [Test worker] DEBUG reactor.util.Loggers - Using Slf4j logging framework
]]></system-out>
  <system-err><![CDATA[]]></system-err>
</testsuite>
