<?xml version="1.0" encoding="UTF-8"?>
<testsuite name="CommonOperatorsTask8Tests" tests="1" skipped="0" failures="0" errors="0" timestamp="2022-10-14T13:14:00" hostname="DESKTOP-UM0F95L" time="0.894">
  <properties/>
  <testcase name="testSolution()" classname="CommonOperatorsTask8Tests" time="0.894"/>
  <system-out><![CDATA[16:14:01.211 [Test worker] DEBUG reactor.util.Loggers - Using Slf4j logging framework
]]></system-out>
  <system-err><![CDATA[]]></system-err>
</testsuite>
