<?xml version="1.0" encoding="UTF-8"?>
<testsuite name="ResilienceTask1Tests" tests="2" skipped="0" failures="0" errors="0" timestamp="2022-10-17T10:25:54" hostname="DESKTOP-UM0F95L" time="0.745">
  <properties/>
  <testcase name="test1()" classname="ResilienceTask1Tests" time="0.738"/>
  <testcase name="test2()" classname="ResilienceTask1Tests" time="0.005"/>
  <system-out><![CDATA[13:25:54.966 [Test worker] DEBUG reactor.util.Loggers - Using Slf4j logging framework
]]></system-out>
  <system-err><![CDATA[]]></system-err>
</testsuite>
